2024-12-21T13:45:12.792+03:00  INFO 10092 --- [testtask] [main] com.sarks.testtask.TesttaskApplication   : Starting TesttaskApplication using Java 17.0.2 with PID 10092 (C:\Users\ms199\Desktop\JavaProjects\TaskManagementSystem\target\classes started by ms199 in C:\Users\ms199\Desktop\JavaProjects\TaskManagementSystem)
2024-12-21T13:45:12.809+03:00 DEBUG 10092 --- [testtask] [main] com.sarks.testtask.TesttaskApplication   : Running with Spring Boot v3.4.0, Spring v6.2.0
2024-12-21T13:45:12.811+03:00  INFO 10092 --- [testtask] [main] com.sarks.testtask.TesttaskApplication   : No active profile set, falling back to 1 default profile: "default"
2024-12-21T13:45:18.299+03:00  INFO 10092 --- [testtask] [main] com.sarks.testtask.TesttaskApplication   : Started TesttaskApplication in 6.027 seconds (process running for 6.62)
2024-12-21T13:46:17.505+03:00 DEBUG 10092 --- [testtask] [http-nio-8080-exec-2] org.hibernate.SQL                        : 
    select
        e1_0.id,
        e1_0.password,
        e1_0.role,
        e1_0.username 
    from
        employees e1_0 
    offset
        ? rows 
    fetch
        first ? rows only
2024-12-21T13:46:17.546+03:00 DEBUG 10092 --- [testtask] [http-nio-8080-exec-2] org.hibernate.SQL                        : 
    select
        count(e1_0.id) 
    from
        employees e1_0
2024-12-21T13:46:43.612+03:00 DEBUG 10092 --- [testtask] [http-nio-8080-exec-3] org.hibernate.SQL                        : 
    select
        e1_0.id,
        e1_0.password,
        e1_0.role,
        e1_0.username 
    from
        employees e1_0 
    offset
        ? rows 
    fetch
        first ? rows only
2024-12-21T13:46:51.861+03:00 DEBUG 10092 --- [testtask] [http-nio-8080-exec-6] org.hibernate.SQL                        : 
    select
        e1_0.id,
        e1_0.password,
        e1_0.role,
        e1_0.username 
    from
        employees e1_0 
    offset
        ? rows 
    fetch
        first ? rows only
2024-12-21T13:46:51.863+03:00 DEBUG 10092 --- [testtask] [http-nio-8080-exec-6] org.hibernate.SQL                        : 
    select
        count(e1_0.id) 
    from
        employees e1_0
2024-12-21T16:26:55.605+03:00  INFO 24532 --- [testtask] [main] com.sarks.testtask.TesttaskApplication   : Starting TesttaskApplication using Java 17.0.2 with PID 24532 (C:\Users\ms199\Desktop\JavaProjects\TaskManagementSystem\target\classes started by ms199 in C:\Users\ms199\Desktop\JavaProjects\TaskManagementSystem)
2024-12-21T16:26:55.608+03:00 DEBUG 24532 --- [testtask] [main] com.sarks.testtask.TesttaskApplication   : Running with Spring Boot v3.4.0, Spring v6.2.0
2024-12-21T16:26:55.609+03:00  INFO 24532 --- [testtask] [main] com.sarks.testtask.TesttaskApplication   : No active profile set, falling back to 1 default profile: "default"
2024-12-21T16:27:00.568+03:00  INFO 24532 --- [testtask] [main] com.sarks.testtask.TesttaskApplication   : Started TesttaskApplication in 5.392 seconds (process running for 5.971)
2024-12-21T16:27:19.249+03:00 DEBUG 24532 --- [testtask] [http-nio-8080-exec-1] org.hibernate.SQL                        : 
    select
        e1_0.id,
        e1_0.password,
        e1_0.role,
        e1_0.username 
    from
        employees e1_0 
    offset
        ? rows 
    fetch
        first ? rows only
2024-12-21T16:44:06.391+03:00  INFO 24060 --- [testtask] [main] com.sarks.testtask.TesttaskApplication   : Starting TesttaskApplication using Java 17.0.2 with PID 24060 (C:\Users\ms199\Desktop\JavaProjects\TaskManagementSystem\target\classes started by ms199 in C:\Users\ms199\Desktop\JavaProjects\TaskManagementSystem)
2024-12-21T16:44:06.403+03:00 DEBUG 24060 --- [testtask] [main] com.sarks.testtask.TesttaskApplication   : Running with Spring Boot v3.4.0, Spring v6.2.0
2024-12-21T16:44:06.416+03:00  INFO 24060 --- [testtask] [main] com.sarks.testtask.TesttaskApplication   : No active profile set, falling back to 1 default profile: "default"
2024-12-21T16:44:13.112+03:00  INFO 24060 --- [testtask] [main] com.sarks.testtask.TesttaskApplication   : Started TesttaskApplication in 7.464 seconds (process running for 7.974)
2024-12-21T16:47:44.181+03:00 DEBUG 24060 --- [testtask] [http-nio-8080-exec-2] org.hibernate.SQL                        : 
    select
        e1_0.id,
        e1_0.password,
        e1_0.role,
        e1_0.username 
    from
        employees e1_0 
    offset
        ? rows 
    fetch
        first ? rows only
2024-12-21T16:47:44.215+03:00 DEBUG 24060 --- [testtask] [http-nio-8080-exec-2] c.s.t.m.EmployeeToEmployeeDtoMapper      : Convert to employeeDto: EmployeeDto[id=1, username=admin@mail.ru, role=ADMIN] 
2024-12-21T16:47:44.217+03:00 DEBUG 24060 --- [testtask] [http-nio-8080-exec-2] c.s.t.m.EmployeeToEmployeeDtoMapper      : Convert to employeeDto: EmployeeDto[id=2, username=ivan@mail.ru, role=PERFORMER] 
2024-12-21T16:47:44.217+03:00 DEBUG 24060 --- [testtask] [http-nio-8080-exec-2] c.s.t.m.EmployeeToEmployeeDtoMapper      : Convert to employeeDto: EmployeeDto[id=3, username=katya@mail.ru, role=PERFORMER] 
2024-12-21T16:47:44.217+03:00 DEBUG 24060 --- [testtask] [http-nio-8080-exec-2] .t.m.PageEmployeeToListEmployeeDtoMapper : Convert to List<EmployeeDto>: [EmployeeDto[id=1, username=admin@mail.ru, role=ADMIN], EmployeeDto[id=2, username=ivan@mail.ru, role=PERFORMER], EmployeeDto[id=3, username=katya@mail.ru, role=PERFORMER]] 
